{"name":"hexo","hostname":"JackChu","pid":266604,"level":20,"msg":"Hexo version: 3.2.2","time":"2017-12-31T09:43:15.858Z","v":0}
{"name":"hexo","hostname":"JackChu","pid":266604,"level":20,"msg":"Working directory: F:\\hexo\\","time":"2017-12-31T09:43:15.889Z","v":0}
{"name":"hexo","hostname":"JackChu","pid":266604,"level":20,"msg":"Config loaded: F:\\hexo\\_config.yml","time":"2017-12-31T09:43:16.096Z","v":0}
{"name":"hexo","hostname":"JackChu","pid":266604,"level":20,"msg":"Plugin loaded: hexo-generator-archive","time":"2017-12-31T09:43:16.133Z","v":0}
{"name":"hexo","hostname":"JackChu","pid":266604,"level":20,"msg":"Plugin loaded: hexo-generator-baidu-sitemap","time":"2017-12-31T09:43:16.139Z","v":0}
{"name":"hexo","hostname":"JackChu","pid":266604,"level":20,"msg":"Plugin loaded: hexo-deployer-git","time":"2017-12-31T09:43:16.143Z","v":0}
{"name":"hexo","hostname":"JackChu","pid":266604,"level":20,"msg":"Plugin loaded: hexo-generator-category","time":"2017-12-31T09:43:16.149Z","v":0}
{"name":"hexo","hostname":"JackChu","pid":266604,"level":20,"msg":"Plugin loaded: hexo-generator-index","time":"2017-12-31T09:43:16.152Z","v":0}
{"name":"hexo","hostname":"JackChu","pid":266604,"level":20,"msg":"Plugin loaded: hexo-renderer-ejs","time":"2017-12-31T09:43:16.154Z","v":0}
{"name":"hexo","hostname":"JackChu","pid":266604,"level":20,"msg":"Plugin loaded: hexo-generator-tag","time":"2017-12-31T09:43:16.156Z","v":0}
{"name":"hexo","hostname":"JackChu","pid":266604,"level":20,"msg":"Plugin loaded: hexo-renderer-stylus","time":"2017-12-31T09:43:16.158Z","v":0}
{"name":"hexo","hostname":"JackChu","pid":266604,"level":20,"msg":"Plugin loaded: hexo-renderer-marked","time":"2017-12-31T09:43:16.166Z","v":0}
{"name":"hexo","hostname":"JackChu","pid":266604,"level":20,"msg":"Plugin loaded: hexo-server","time":"2017-12-31T09:43:16.282Z","v":0}
{"name":"hexo","hostname":"JackChu","pid":266604,"level":20,"msg":"Plugin loaded: hexo-translate-title","time":"2017-12-31T09:43:16.480Z","v":0}
{"name":"hexo","hostname":"JackChu","pid":266604,"level":20,"msg":"Plugin loaded: hexo-wordcount","time":"2017-12-31T09:43:16.571Z","v":0}
{"name":"hexo","hostname":"JackChu","pid":266604,"level":20,"msg":"Script loaded: themes\\next\\scripts\\merge-configs.js","time":"2017-12-31T09:43:16.571Z","v":0}
{"name":"hexo","hostname":"JackChu","pid":266604,"level":20,"msg":"Script loaded: themes\\next\\scripts\\tags\\full-image.js","time":"2017-12-31T09:43:16.572Z","v":0}
{"name":"hexo","hostname":"JackChu","pid":266604,"level":20,"msg":"Script loaded: themes\\next\\scripts\\tags\\center-quote.js","time":"2017-12-31T09:43:16.572Z","v":0}
{"name":"hexo","hostname":"JackChu","pid":266604,"level":20,"msg":"Script loaded: themes\\next\\scripts\\tags\\group-pictures.js","time":"2017-12-31T09:43:16.574Z","v":0}
{"name":"hexo","hostname":"JackChu","pid":266604,"level":20,"msg":"Script loaded: themes\\next\\scripts\\tags\\note.js","time":"2017-12-31T09:43:16.574Z","v":0}
{"name":"hexo","hostname":"JackChu","pid":266604,"level":20,"msg":"Loading database.","time":"2017-12-31T09:43:16.576Z","v":0}
{"name":"hexo","hostname":"JackChu","pid":266604,"level":30,"msg":"Start processing","time":"2017-12-31T09:43:17.389Z","v":0}
{"name":"hexo","hostname":"JackChu","pid":266604,"level":20,"msg":"Processed: favicon.ico","time":"2017-12-31T09:43:17.554Z","v":0}
{"name":"hexo","hostname":"JackChu","pid":266604,"level":20,"msg":"Processed: _posts/2016-12-time-cost.md","time":"2017-12-31T09:43:17.655Z","v":0}
{"name":"hexo","hostname":"JackChu","pid":266604,"level":20,"msg":"Processed: _posts/BeanPostProcessor学习.md","time":"2017-12-31T09:43:17.655Z","v":0}
{"name":"hexo","hostname":"JackChu","pid":266604,"level":20,"msg":"Processed: _posts/Detected-both-log4j-over-slf4j-jar-AND-slf4j-log4j12-jar-on-the-class-path.md","time":"2017-12-31T09:43:17.655Z","v":0}
{"name":"hexo","hostname":"JackChu","pid":266604,"level":20,"msg":"Processed: _posts/GC及JVM参数.md","time":"2017-12-31T09:43:17.656Z","v":0}
{"name":"hexo","hostname":"JackChu","pid":266604,"level":20,"msg":"Processed: _posts/Hashmap源码解析.md","time":"2017-12-31T09:43:17.657Z","v":0}
{"name":"hexo","hostname":"JackChu","pid":266604,"level":20,"msg":"Processed: _posts/JIT优化之道.md","time":"2017-12-31T09:43:17.657Z","v":0}
{"name":"hexo","hostname":"JackChu","pid":266604,"level":20,"msg":"Processed: _posts/Spring事务.md","time":"2017-12-31T09:43:17.657Z","v":0}
{"name":"hexo","hostname":"JackChu","pid":266604,"level":20,"msg":"Processed: _posts/The-clean-coder-读书笔记.md","time":"2017-12-31T09:43:17.657Z","v":0}
{"name":"hexo","hostname":"JackChu","pid":266604,"level":20,"msg":"Processed: _posts/ThreadLocal解析.md","time":"2017-12-31T09:43:17.657Z","v":0}
{"name":"hexo","hostname":"JackChu","pid":266604,"level":20,"msg":"Processed: _posts/git多账户管理SSH-Key.md","time":"2017-12-31T09:43:17.657Z","v":0}
{"name":"hexo","hostname":"JackChu","pid":266604,"level":20,"msg":"Processed: _posts/hexo统计数字及翻译标题.md","time":"2017-12-31T09:43:17.657Z","v":0}
{"name":"hexo","hostname":"JackChu","pid":266604,"level":20,"msg":"Processed: _posts/motan-study-node-first.md","time":"2017-12-31T09:43:17.657Z","v":0}
{"name":"hexo","hostname":"JackChu","pid":266604,"level":20,"msg":"Processed: _posts/motan客户端.md","time":"2017-12-31T09:43:17.658Z","v":0}
{"name":"hexo","hostname":"JackChu","pid":266604,"level":20,"msg":"Processed: _posts/motan扩展机制.md","time":"2017-12-31T09:43:17.658Z","v":0}
{"name":"hexo","hostname":"JackChu","pid":266604,"level":20,"msg":"Processed: _posts/motan服务端.md","time":"2017-12-31T09:43:17.658Z","v":0}
{"name":"hexo","hostname":"JackChu","pid":266604,"level":20,"msg":"Processed: _posts/spring-bean初始化过程.md","time":"2017-12-31T09:43:17.658Z","v":0}
{"name":"hexo","hostname":"JackChu","pid":266604,"level":20,"msg":"Processed: _posts/spring-boot初探.md","time":"2017-12-31T09:43:17.658Z","v":0}
{"name":"hexo","hostname":"JackChu","pid":266604,"level":20,"msg":"Processed: _posts/功夫在诗外.md","time":"2017-12-31T09:43:17.658Z","v":0}
{"name":"hexo","hostname":"JackChu","pid":266604,"level":20,"msg":"Processed: _posts/常识三持续集成、持续交付、持续部署.md","time":"2017-12-31T09:43:17.658Z","v":0}
{"name":"hexo","hostname":"JackChu","pid":266604,"level":20,"msg":"Processed: _posts/常识一用户密码存储策略.md","time":"2017-12-31T09:43:17.658Z","v":0}
{"name":"hexo","hostname":"JackChu","pid":266604,"level":20,"msg":"Processed: _posts/常识二Oauth2-0介绍及安全防范.md","time":"2017-12-31T09:43:17.658Z","v":0}
{"name":"hexo","hostname":"JackChu","pid":266604,"level":20,"msg":"Processed: _posts/常识四堆外内存.md","time":"2017-12-31T09:43:17.658Z","v":0}
{"name":"hexo","hostname":"JackChu","pid":266604,"level":20,"msg":"Processed: _posts/微服务之监控.md","time":"2017-12-31T09:43:17.659Z","v":0}
{"name":"hexo","hostname":"JackChu","pid":266604,"level":20,"msg":"Processed: _posts/游戏小传一巧合入行.md","time":"2017-12-31T09:43:17.659Z","v":0}
{"name":"hexo","hostname":"JackChu","pid":266604,"level":20,"msg":"Processed: _posts/游戏小传三创业之路.md","time":"2017-12-31T09:43:17.659Z","v":0}
{"name":"hexo","hostname":"JackChu","pid":266604,"level":20,"msg":"Processed: _posts/游戏小传二小试身手.md","time":"2017-12-31T09:43:17.659Z","v":0}
{"name":"hexo","hostname":"JackChu","pid":266604,"level":20,"msg":"Processed: _posts/游戏小传五上海起点.md","time":"2017-12-31T09:43:17.659Z","v":0}
{"name":"hexo","hostname":"JackChu","pid":266604,"level":20,"msg":"Processed: _posts/游戏小传四进军上海.md","time":"2017-12-31T09:43:17.659Z","v":0}
{"name":"hexo","hostname":"JackChu","pid":266604,"level":20,"msg":"Processed: _posts/游戏小传序.md","time":"2017-12-31T09:43:17.659Z","v":0}
{"name":"hexo","hostname":"JackChu","pid":266604,"level":20,"msg":"Processed: _posts/运用hexo-github写博客.md","time":"2017-12-31T09:43:17.660Z","v":0}
{"name":"hexo","hostname":"JackChu","pid":266604,"level":20,"msg":"Processed: about/index.md","time":"2017-12-31T09:43:17.660Z","v":0}
{"name":"hexo","hostname":"JackChu","pid":266604,"level":20,"msg":"Processed: categories/index.md","time":"2017-12-31T09:43:17.660Z","v":0}
{"name":"hexo","hostname":"JackChu","pid":266604,"level":20,"msg":"Processed: tags/index.md","time":"2017-12-31T09:43:17.660Z","v":0}
{"name":"hexo","hostname":"JackChu","pid":266604,"level":20,"msg":"Theme config loaded.","time":"2017-12-31T09:43:17.722Z","v":0}
{"name":"hexo","hostname":"JackChu","pid":266604,"level":20,"msg":"Processed: _config.yml","time":"2017-12-31T09:43:17.723Z","v":0}
{"name":"hexo","hostname":"JackChu","pid":266604,"level":20,"msg":"Processed: source/css/main.styl","time":"2017-12-31T09:43:17.747Z","v":0}
{"name":"hexo","hostname":"JackChu","pid":266604,"level":20,"msg":"Processed: source/images/algolia_logo.svg","time":"2017-12-31T09:43:17.748Z","v":0}
{"name":"hexo","hostname":"JackChu","pid":266604,"level":20,"msg":"Processed: source/images/avatar.gif","time":"2017-12-31T09:43:17.748Z","v":0}
{"name":"hexo","hostname":"JackChu","pid":266604,"level":20,"msg":"Processed: source/images/cc-by-nc-nd.svg","time":"2017-12-31T09:43:17.748Z","v":0}
{"name":"hexo","hostname":"JackChu","pid":266604,"level":20,"msg":"Processed: source/images/cc-by-nc-sa.svg","time":"2017-12-31T09:43:17.748Z","v":0}
{"name":"hexo","hostname":"JackChu","pid":266604,"level":20,"msg":"Processed: source/images/cc-by-nc.svg","time":"2017-12-31T09:43:17.748Z","v":0}
{"name":"hexo","hostname":"JackChu","pid":266604,"level":20,"msg":"Processed: source/images/cc-by-nd.svg","time":"2017-12-31T09:43:17.748Z","v":0}
{"name":"hexo","hostname":"JackChu","pid":266604,"level":20,"msg":"Processed: source/images/cc-by-sa.svg","time":"2017-12-31T09:43:17.749Z","v":0}
{"name":"hexo","hostname":"JackChu","pid":266604,"level":20,"msg":"Processed: source/images/cc-by.svg","time":"2017-12-31T09:43:17.749Z","v":0}
{"name":"hexo","hostname":"JackChu","pid":266604,"level":20,"msg":"Processed: source/images/cc-zero.svg","time":"2017-12-31T09:43:17.750Z","v":0}
{"name":"hexo","hostname":"JackChu","pid":266604,"level":20,"msg":"Processed: source/images/loading.gif","time":"2017-12-31T09:43:17.750Z","v":0}
{"name":"hexo","hostname":"JackChu","pid":266604,"level":20,"msg":"Processed: source/images/placeholder.gif","time":"2017-12-31T09:43:17.750Z","v":0}
{"name":"hexo","hostname":"JackChu","pid":266604,"level":20,"msg":"Processed: source/images/quote-l.svg","time":"2017-12-31T09:43:17.751Z","v":0}
{"name":"hexo","hostname":"JackChu","pid":266604,"level":20,"msg":"Processed: source/images/quote-r.svg","time":"2017-12-31T09:43:17.751Z","v":0}
{"name":"hexo","hostname":"JackChu","pid":266604,"level":20,"msg":"Processed: source/images/searchicon.png","time":"2017-12-31T09:43:17.751Z","v":0}
{"name":"hexo","hostname":"JackChu","pid":266604,"level":20,"msg":"Processed: layout/_layout.swig","time":"2017-12-31T09:43:18.005Z","v":0}
{"name":"hexo","hostname":"JackChu","pid":266604,"level":20,"msg":"Processed: layout/archive.swig","time":"2017-12-31T09:43:18.006Z","v":0}
{"name":"hexo","hostname":"JackChu","pid":266604,"level":20,"msg":"Processed: layout/category.swig","time":"2017-12-31T09:43:18.006Z","v":0}
{"name":"hexo","hostname":"JackChu","pid":266604,"level":20,"msg":"Processed: layout/index.swig","time":"2017-12-31T09:43:18.006Z","v":0}
{"name":"hexo","hostname":"JackChu","pid":266604,"level":20,"msg":"Processed: layout/page.swig","time":"2017-12-31T09:43:18.006Z","v":0}
{"name":"hexo","hostname":"JackChu","pid":266604,"level":20,"msg":"Processed: layout/post.swig","time":"2017-12-31T09:43:18.006Z","v":0}
{"name":"hexo","hostname":"JackChu","pid":266604,"level":20,"msg":"Processed: layout/schedule.swig","time":"2017-12-31T09:43:18.006Z","v":0}
{"name":"hexo","hostname":"JackChu","pid":266604,"level":20,"msg":"Processed: layout/tag.swig","time":"2017-12-31T09:43:18.006Z","v":0}
{"name":"hexo","hostname":"JackChu","pid":266604,"level":20,"msg":"Processed: languages/de.yml","time":"2017-12-31T09:43:18.019Z","v":0}
{"name":"hexo","hostname":"JackChu","pid":266604,"level":20,"msg":"Processed: languages/default.yml","time":"2017-12-31T09:43:18.019Z","v":0}
{"name":"hexo","hostname":"JackChu","pid":266604,"level":20,"msg":"Processed: languages/en.yml","time":"2017-12-31T09:43:18.019Z","v":0}
{"name":"hexo","hostname":"JackChu","pid":266604,"level":20,"msg":"Processed: languages/fr-FR.yml","time":"2017-12-31T09:43:18.019Z","v":0}
{"name":"hexo","hostname":"JackChu","pid":266604,"level":20,"msg":"Processed: languages/id.yml","time":"2017-12-31T09:43:18.019Z","v":0}
{"name":"hexo","hostname":"JackChu","pid":266604,"level":20,"msg":"Processed: languages/ja.yml","time":"2017-12-31T09:43:18.020Z","v":0}
{"name":"hexo","hostname":"JackChu","pid":266604,"level":20,"msg":"Processed: languages/pt-BR.yml","time":"2017-12-31T09:43:18.020Z","v":0}
{"name":"hexo","hostname":"JackChu","pid":266604,"level":20,"msg":"Processed: languages/ko.yml","time":"2017-12-31T09:43:18.020Z","v":0}
{"name":"hexo","hostname":"JackChu","pid":266604,"level":20,"msg":"Processed: languages/pt.yml","time":"2017-12-31T09:43:18.020Z","v":0}
{"name":"hexo","hostname":"JackChu","pid":266604,"level":20,"msg":"Processed: languages/ru.yml","time":"2017-12-31T09:43:18.020Z","v":0}
{"name":"hexo","hostname":"JackChu","pid":266604,"level":20,"msg":"Processed: languages/zh-Hans.yml","time":"2017-12-31T09:43:18.021Z","v":0}
{"name":"hexo","hostname":"JackChu","pid":266604,"level":20,"msg":"Processed: languages/zh-hk.yml","time":"2017-12-31T09:43:18.021Z","v":0}
{"name":"hexo","hostname":"JackChu","pid":266604,"level":20,"msg":"Processed: languages/zh-tw.yml","time":"2017-12-31T09:43:18.021Z","v":0}
{"name":"hexo","hostname":"JackChu","pid":266604,"level":20,"msg":"Processed: static/api/js/share.js","time":"2017-12-31T09:43:18.021Z","v":0}
{"name":"hexo","hostname":"JackChu","pid":266604,"level":20,"msg":"Processed: static/api/css/imgshare.css","time":"2017-12-31T09:43:18.022Z","v":0}
{"name":"hexo","hostname":"JackChu","pid":266604,"level":20,"msg":"Processed: static/api/css/like.css","time":"2017-12-31T09:43:18.022Z","v":0}
{"name":"hexo","hostname":"JackChu","pid":266604,"level":20,"msg":"Processed: static/api/css/select_share.css","time":"2017-12-31T09:43:18.023Z","v":0}
{"name":"hexo","hostname":"JackChu","pid":266604,"level":20,"msg":"Processed: static/api/css/share_popup.css","time":"2017-12-31T09:43:18.025Z","v":0}
{"name":"hexo","hostname":"JackChu","pid":266604,"level":20,"msg":"Processed: static/api/css/share_style0_16.css","time":"2017-12-31T09:43:18.026Z","v":0}
{"name":"hexo","hostname":"JackChu","pid":266604,"level":20,"msg":"Processed: static/api/css/share_style0_24.css","time":"2017-12-31T09:43:18.027Z","v":0}
{"name":"hexo","hostname":"JackChu","pid":266604,"level":20,"msg":"Processed: static/api/css/share_style0_32.css","time":"2017-12-31T09:43:18.027Z","v":0}
{"name":"hexo","hostname":"JackChu","pid":266604,"level":20,"msg":"Processed: static/api/css/share_style1_16.css","time":"2017-12-31T09:43:18.028Z","v":0}
{"name":"hexo","hostname":"JackChu","pid":266604,"level":20,"msg":"Processed: static/api/css/share_style1_24.css","time":"2017-12-31T09:43:18.030Z","v":0}
{"name":"hexo","hostname":"JackChu","pid":266604,"level":20,"msg":"Processed: static/api/css/share_style1_32.css","time":"2017-12-31T09:43:18.030Z","v":0}
{"name":"hexo","hostname":"JackChu","pid":266604,"level":20,"msg":"Processed: static/api/css/share_style2.css","time":"2017-12-31T09:43:18.030Z","v":0}
{"name":"hexo","hostname":"JackChu","pid":266604,"level":20,"msg":"Processed: static/api/css/share_style2_16.css","time":"2017-12-31T09:43:18.030Z","v":0}
{"name":"hexo","hostname":"JackChu","pid":266604,"level":20,"msg":"Processed: static/api/css/share_style2_24.css","time":"2017-12-31T09:43:18.031Z","v":0}
{"name":"hexo","hostname":"JackChu","pid":266604,"level":20,"msg":"Processed: static/api/css/share_style2_32.css","time":"2017-12-31T09:43:18.031Z","v":0}
{"name":"hexo","hostname":"JackChu","pid":266604,"level":20,"msg":"Processed: static/api/css/share_style4.css","time":"2017-12-31T09:43:18.032Z","v":0}
{"name":"hexo","hostname":"JackChu","pid":266604,"level":20,"msg":"Processed: static/api/css/slide_share.css","time":"2017-12-31T09:43:18.032Z","v":0}
{"name":"hexo","hostname":"JackChu","pid":266604,"level":20,"msg":"Processed: static/api/css/weixin_popup.css","time":"2017-12-31T09:43:18.032Z","v":0}
{"name":"hexo","hostname":"JackChu","pid":266604,"level":20,"msg":"Processed: static/api/js/trans/logger.js","time":"2017-12-31T09:43:18.064Z","v":0}
{"name":"hexo","hostname":"JackChu","pid":266604,"level":20,"msg":"Processed: static/api/js/trans/data.js","time":"2017-12-31T09:43:18.065Z","v":0}
{"name":"hexo","hostname":"JackChu","pid":266604,"level":20,"msg":"Processed: source/js/src/affix.js","time":"2017-12-31T09:43:18.065Z","v":0}
{"name":"hexo","hostname":"JackChu","pid":266604,"level":20,"msg":"Processed: source/js/src/algolia-search.js","time":"2017-12-31T09:43:18.065Z","v":0}
{"name":"hexo","hostname":"JackChu","pid":266604,"level":20,"msg":"Processed: source/js/src/bootstrap.js","time":"2017-12-31T09:43:18.066Z","v":0}
{"name":"hexo","hostname":"JackChu","pid":266604,"level":20,"msg":"Processed: source/js/src/hook-duoshuo.js","time":"2017-12-31T09:43:18.066Z","v":0}
{"name":"hexo","hostname":"JackChu","pid":266604,"level":20,"msg":"Processed: source/js/src/motion.js","time":"2017-12-31T09:43:18.066Z","v":0}
{"name":"hexo","hostname":"JackChu","pid":266604,"level":20,"msg":"Processed: source/js/src/post-details.js","time":"2017-12-31T09:43:18.066Z","v":0}
{"name":"hexo","hostname":"JackChu","pid":266604,"level":20,"msg":"Processed: source/js/src/scrollspy.js","time":"2017-12-31T09:43:18.067Z","v":0}
{"name":"hexo","hostname":"JackChu","pid":266604,"level":20,"msg":"Processed: source/js/src/utils.js","time":"2017-12-31T09:43:18.067Z","v":0}
{"name":"hexo","hostname":"JackChu","pid":266604,"level":20,"msg":"Processed: source/lib/algolia-instant-search/instantsearch.min.css","time":"2017-12-31T09:43:18.067Z","v":0}
{"name":"hexo","hostname":"JackChu","pid":266604,"level":20,"msg":"Processed: source/lib/fastclick/LICENSE","time":"2017-12-31T09:43:18.067Z","v":0}
{"name":"hexo","hostname":"JackChu","pid":266604,"level":20,"msg":"Processed: source/lib/fastclick/README.md","time":"2017-12-31T09:43:18.067Z","v":0}
{"name":"hexo","hostname":"JackChu","pid":266604,"level":20,"msg":"Processed: source/lib/fastclick/bower.json","time":"2017-12-31T09:43:18.067Z","v":0}
{"name":"hexo","hostname":"JackChu","pid":266604,"level":20,"msg":"Processed: source/lib/font-awesome/HELP-US-OUT.txt","time":"2017-12-31T09:43:18.068Z","v":0}
{"name":"hexo","hostname":"JackChu","pid":266604,"level":20,"msg":"Processed: source/lib/font-awesome/bower.json","time":"2017-12-31T09:43:18.068Z","v":0}
{"name":"hexo","hostname":"JackChu","pid":266604,"level":20,"msg":"Processed: source/lib/jquery_lazyload/CONTRIBUTING.md","time":"2017-12-31T09:43:18.068Z","v":0}
{"name":"hexo","hostname":"JackChu","pid":266604,"level":20,"msg":"Processed: source/lib/jquery_lazyload/README.md","time":"2017-12-31T09:43:18.068Z","v":0}
{"name":"hexo","hostname":"JackChu","pid":266604,"level":20,"msg":"Processed: source/lib/jquery_lazyload/bower.json","time":"2017-12-31T09:43:18.068Z","v":0}
{"name":"hexo","hostname":"JackChu","pid":266604,"level":20,"msg":"Processed: source/lib/jquery_lazyload/jquery.lazyload.js","time":"2017-12-31T09:43:18.068Z","v":0}
{"name":"hexo","hostname":"JackChu","pid":266604,"level":20,"msg":"Processed: source/lib/jquery_lazyload/jquery.scrollstop.js","time":"2017-12-31T09:43:18.069Z","v":0}
{"name":"hexo","hostname":"JackChu","pid":266604,"level":20,"msg":"Processed: source/lib/velocity/bower.json","time":"2017-12-31T09:43:18.069Z","v":0}
{"name":"hexo","hostname":"JackChu","pid":266604,"level":20,"msg":"Processed: source/lib/velocity/velocity.min.js","time":"2017-12-31T09:43:18.069Z","v":0}
{"name":"hexo","hostname":"JackChu","pid":266604,"level":20,"msg":"Processed: source/lib/velocity/velocity.ui.js","time":"2017-12-31T09:43:18.069Z","v":0}
{"name":"hexo","hostname":"JackChu","pid":266604,"level":20,"msg":"Processed: source/lib/velocity/velocity.ui.min.js","time":"2017-12-31T09:43:18.069Z","v":0}
{"name":"hexo","hostname":"JackChu","pid":266604,"level":20,"msg":"Processed: layout/_custom/sidebar.swig","time":"2017-12-31T09:43:18.148Z","v":0}
{"name":"hexo","hostname":"JackChu","pid":266604,"level":20,"msg":"Processed: layout/_custom/header.swig","time":"2017-12-31T09:43:18.149Z","v":0}
{"name":"hexo","hostname":"JackChu","pid":266604,"level":20,"msg":"Processed: layout/_macro/post.swig","time":"2017-12-31T09:43:18.149Z","v":0}
{"name":"hexo","hostname":"JackChu","pid":266604,"level":20,"msg":"Processed: layout/_macro/post-collapse.swig","time":"2017-12-31T09:43:18.149Z","v":0}
{"name":"hexo","hostname":"JackChu","pid":266604,"level":20,"msg":"Processed: layout/_macro/sidebar.swig","time":"2017-12-31T09:43:18.149Z","v":0}
{"name":"hexo","hostname":"JackChu","pid":266604,"level":20,"msg":"Processed: layout/_partials/comments.swig","time":"2017-12-31T09:43:18.149Z","v":0}
{"name":"hexo","hostname":"JackChu","pid":266604,"level":20,"msg":"Processed: layout/_macro/wechat-subscriber.swig","time":"2017-12-31T09:43:18.149Z","v":0}
{"name":"hexo","hostname":"JackChu","pid":266604,"level":20,"msg":"Processed: layout/_partials/duoshuo-hot-articles.swig","time":"2017-12-31T09:43:18.149Z","v":0}
{"name":"hexo","hostname":"JackChu","pid":266604,"level":20,"msg":"Processed: layout/_partials/footer.swig","time":"2017-12-31T09:43:18.149Z","v":0}
{"name":"hexo","hostname":"JackChu","pid":266604,"level":20,"msg":"Processed: layout/_partials/header.swig","time":"2017-12-31T09:43:18.149Z","v":0}
{"name":"hexo","hostname":"JackChu","pid":266604,"level":20,"msg":"Processed: layout/_partials/page-header.swig","time":"2017-12-31T09:43:18.149Z","v":0}
{"name":"hexo","hostname":"JackChu","pid":266604,"level":20,"msg":"Processed: layout/_partials/pagination.swig","time":"2017-12-31T09:43:18.149Z","v":0}
{"name":"hexo","hostname":"JackChu","pid":266604,"level":20,"msg":"Processed: layout/_partials/search.swig","time":"2017-12-31T09:43:18.149Z","v":0}
{"name":"hexo","hostname":"JackChu","pid":266604,"level":20,"msg":"Processed: layout/_scripts/baidu-push.swig","time":"2017-12-31T09:43:18.149Z","v":0}
{"name":"hexo","hostname":"JackChu","pid":266604,"level":20,"msg":"Processed: layout/_scripts/commons.swig","time":"2017-12-31T09:43:18.149Z","v":0}
{"name":"hexo","hostname":"JackChu","pid":266604,"level":20,"msg":"Processed: layout/_scripts/boostrap.swig","time":"2017-12-31T09:43:18.149Z","v":0}
{"name":"hexo","hostname":"JackChu","pid":266604,"level":20,"msg":"Processed: layout/_macro/reward.swig","time":"2017-12-31T09:43:18.149Z","v":0}
{"name":"hexo","hostname":"JackChu","pid":266604,"level":20,"msg":"Processed: layout/_scripts/vendors.swig","time":"2017-12-31T09:43:18.149Z","v":0}
{"name":"hexo","hostname":"JackChu","pid":266604,"level":20,"msg":"Processed: layout/_partials/head.swig","time":"2017-12-31T09:43:18.149Z","v":0}
{"name":"hexo","hostname":"JackChu","pid":266604,"level":20,"msg":"Processed: static/api/img/share/icons_0_16.png","time":"2017-12-31T09:43:18.161Z","v":0}
{"name":"hexo","hostname":"JackChu","pid":266604,"level":20,"msg":"Processed: static/api/img/share/icons_0_24.png","time":"2017-12-31T09:43:18.161Z","v":0}
{"name":"hexo","hostname":"JackChu","pid":266604,"level":20,"msg":"Processed: static/api/img/share/icons_0_32.png","time":"2017-12-31T09:43:18.161Z","v":0}
{"name":"hexo","hostname":"JackChu","pid":266604,"level":20,"msg":"Processed: static/api/img/share/icons_1_16.png","time":"2017-12-31T09:43:18.161Z","v":0}
{"name":"hexo","hostname":"JackChu","pid":266604,"level":20,"msg":"Processed: static/api/img/share/icons_1_24.png","time":"2017-12-31T09:43:18.162Z","v":0}
{"name":"hexo","hostname":"JackChu","pid":266604,"level":20,"msg":"Processed: static/api/img/share/icons_1_32.png","time":"2017-12-31T09:43:18.163Z","v":0}
{"name":"hexo","hostname":"JackChu","pid":266604,"level":20,"msg":"Processed: static/api/img/share/icons_2_16.png","time":"2017-12-31T09:43:18.164Z","v":0}
{"name":"hexo","hostname":"JackChu","pid":266604,"level":20,"msg":"Processed: static/api/img/share/icons_2_24.png","time":"2017-12-31T09:43:18.164Z","v":0}
{"name":"hexo","hostname":"JackChu","pid":266604,"level":20,"msg":"Processed: static/api/img/share/icons_2_32.png","time":"2017-12-31T09:43:18.164Z","v":0}
{"name":"hexo","hostname":"JackChu","pid":266604,"level":20,"msg":"Processed: static/api/img/share/l0.gif","time":"2017-12-31T09:43:18.165Z","v":0}
{"name":"hexo","hostname":"JackChu","pid":266604,"level":20,"msg":"Processed: static/api/img/share/l1.gif","time":"2017-12-31T09:43:18.165Z","v":0}
{"name":"hexo","hostname":"JackChu","pid":266604,"level":20,"msg":"Processed: static/api/img/share/l2.gif","time":"2017-12-31T09:43:18.166Z","v":0}
{"name":"hexo","hostname":"JackChu","pid":266604,"level":20,"msg":"Processed: static/api/img/share/l3.gif","time":"2017-12-31T09:43:18.167Z","v":0}
{"name":"hexo","hostname":"JackChu","pid":266604,"level":20,"msg":"Processed: static/api/img/share/l4.gif","time":"2017-12-31T09:43:18.168Z","v":0}
{"name":"hexo","hostname":"JackChu","pid":266604,"level":20,"msg":"Processed: static/api/img/share/l5.gif","time":"2017-12-31T09:43:18.168Z","v":0}
{"name":"hexo","hostname":"JackChu","pid":266604,"level":20,"msg":"Processed: static/api/img/share/l6.gif","time":"2017-12-31T09:43:18.168Z","v":0}
{"name":"hexo","hostname":"JackChu","pid":266604,"level":20,"msg":"Processed: static/api/img/share/l7.gif","time":"2017-12-31T09:43:18.169Z","v":0}
{"name":"hexo","hostname":"JackChu","pid":266604,"level":20,"msg":"Processed: static/api/img/share/l8.gif","time":"2017-12-31T09:43:18.169Z","v":0}
{"name":"hexo","hostname":"JackChu","pid":266604,"level":20,"msg":"Processed: static/api/img/share/pop_c.gif","time":"2017-12-31T09:43:18.169Z","v":0}
{"name":"hexo","hostname":"JackChu","pid":266604,"level":20,"msg":"Processed: static/api/img/share/r0.gif","time":"2017-12-31T09:43:18.169Z","v":0}
{"name":"hexo","hostname":"JackChu","pid":266604,"level":20,"msg":"Processed: static/api/img/share/r1.gif","time":"2017-12-31T09:43:18.169Z","v":0}
{"name":"hexo","hostname":"JackChu","pid":266604,"level":20,"msg":"Processed: static/api/img/share/r2.gif","time":"2017-12-31T09:43:18.170Z","v":0}
{"name":"hexo","hostname":"JackChu","pid":266604,"level":20,"msg":"Processed: static/api/img/share/r3.gif","time":"2017-12-31T09:43:18.170Z","v":0}
{"name":"hexo","hostname":"JackChu","pid":266604,"level":20,"msg":"Processed: static/api/img/share/r4.gif","time":"2017-12-31T09:43:18.170Z","v":0}
{"name":"hexo","hostname":"JackChu","pid":266604,"level":20,"msg":"Processed: static/api/img/share/r5.gif","time":"2017-12-31T09:43:18.170Z","v":0}
{"name":"hexo","hostname":"JackChu","pid":266604,"level":20,"msg":"Processed: static/api/img/share/r6.gif","time":"2017-12-31T09:43:18.170Z","v":0}
{"name":"hexo","hostname":"JackChu","pid":266604,"level":20,"msg":"Processed: static/api/img/share/r7.gif","time":"2017-12-31T09:43:18.170Z","v":0}
{"name":"hexo","hostname":"JackChu","pid":266604,"level":20,"msg":"Processed: static/api/img/share/r8.gif","time":"2017-12-31T09:43:18.171Z","v":0}
{"name":"hexo","hostname":"JackChu","pid":266604,"level":20,"msg":"Processed: static/api/img/share/sc.png","time":"2017-12-31T09:43:18.171Z","v":0}
{"name":"hexo","hostname":"JackChu","pid":266604,"level":20,"msg":"Processed: static/api/img/share/selectshare_close.png","time":"2017-12-31T09:43:18.171Z","v":0}
{"name":"hexo","hostname":"JackChu","pid":266604,"level":20,"msg":"Processed: static/api/img/share/share-search-icon.png","time":"2017-12-31T09:43:18.171Z","v":0}
{"name":"hexo","hostname":"JackChu","pid":266604,"level":20,"msg":"Processed: static/api/js/base/class.js","time":"2017-12-31T09:43:18.172Z","v":0}
{"name":"hexo","hostname":"JackChu","pid":266604,"level":20,"msg":"Processed: static/api/js/component/animate.js","time":"2017-12-31T09:43:18.172Z","v":0}
{"name":"hexo","hostname":"JackChu","pid":266604,"level":20,"msg":"Processed: static/api/js/component/anticheat.js","time":"2017-12-31T09:43:18.173Z","v":0}
{"name":"hexo","hostname":"JackChu","pid":266604,"level":20,"msg":"Processed: static/api/js/component/comm_tools.js","time":"2017-12-31T09:43:18.174Z","v":0}
{"name":"hexo","hostname":"JackChu","pid":266604,"level":20,"msg":"Processed: static/api/js/component/partners.js","time":"2017-12-31T09:43:18.177Z","v":0}
{"name":"hexo","hostname":"JackChu","pid":266604,"level":20,"msg":"Processed: static/api/js/component/pop_base.js","time":"2017-12-31T09:43:18.178Z","v":0}
{"name":"hexo","hostname":"JackChu","pid":266604,"level":20,"msg":"Processed: static/api/js/component/pop_dialog.js","time":"2017-12-31T09:43:18.178Z","v":0}
{"name":"hexo","hostname":"JackChu","pid":266604,"level":20,"msg":"Processed: static/api/js/component/pop_popup.js","time":"2017-12-31T09:43:18.179Z","v":0}
{"name":"hexo","hostname":"JackChu","pid":266604,"level":20,"msg":"Processed: static/api/js/component/pop_popup_slide.js","time":"2017-12-31T09:43:18.179Z","v":0}
{"name":"hexo","hostname":"JackChu","pid":266604,"level":20,"msg":"Processed: static/api/js/component/qrcode.js","time":"2017-12-31T09:43:18.179Z","v":0}
{"name":"hexo","hostname":"JackChu","pid":266604,"level":20,"msg":"Processed: static/api/js/conf/const.js","time":"2017-12-31T09:43:18.180Z","v":0}
{"name":"hexo","hostname":"JackChu","pid":266604,"level":20,"msg":"Processed: static/api/js/conf/define.js","time":"2017-12-31T09:43:18.181Z","v":0}
{"name":"hexo","hostname":"JackChu","pid":266604,"level":20,"msg":"Processed: static/api/js/share/api_base.js","time":"2017-12-31T09:43:18.181Z","v":0}
{"name":"hexo","hostname":"JackChu","pid":266604,"level":20,"msg":"Processed: static/api/js/share/combine_api.js","time":"2017-12-31T09:43:18.181Z","v":0}
{"name":"hexo","hostname":"JackChu","pid":266604,"level":20,"msg":"Processed: static/api/js/share/image_api.js","time":"2017-12-31T09:43:18.182Z","v":0}
{"name":"hexo","hostname":"JackChu","pid":266604,"level":20,"msg":"Processed: static/api/js/share/like_api.js","time":"2017-12-31T09:43:18.182Z","v":0}
{"name":"hexo","hostname":"JackChu","pid":266604,"level":20,"msg":"Processed: static/api/js/share/likeshare.js","time":"2017-12-31T09:43:18.182Z","v":0}
{"name":"hexo","hostname":"JackChu","pid":266604,"level":20,"msg":"Processed: static/api/js/share/select_api.js","time":"2017-12-31T09:43:18.182Z","v":0}
{"name":"hexo","hostname":"JackChu","pid":266604,"level":20,"msg":"Processed: static/api/js/share/share_api.js","time":"2017-12-31T09:43:18.182Z","v":0}
{"name":"hexo","hostname":"JackChu","pid":266604,"level":20,"msg":"Processed: static/api/js/share/slide_api.js","time":"2017-12-31T09:43:18.182Z","v":0}
{"name":"hexo","hostname":"JackChu","pid":266604,"level":20,"msg":"Processed: static/api/js/start/router.js","time":"2017-12-31T09:43:18.182Z","v":0}
{"name":"hexo","hostname":"JackChu","pid":266604,"level":20,"msg":"Processed: static/api/js/trans/trans.js","time":"2017-12-31T09:43:18.183Z","v":0}
{"name":"hexo","hostname":"JackChu","pid":266604,"level":20,"msg":"Processed: static/api/js/trans/trans_bdxc.js","time":"2017-12-31T09:43:18.183Z","v":0}
{"name":"hexo","hostname":"JackChu","pid":266604,"level":20,"msg":"Processed: static/api/js/trans/trans_bdysc.js","time":"2017-12-31T09:43:18.183Z","v":0}
{"name":"hexo","hostname":"JackChu","pid":266604,"level":20,"msg":"Processed: static/api/js/trans/trans_weixin.js","time":"2017-12-31T09:43:18.183Z","v":0}
{"name":"hexo","hostname":"JackChu","pid":266604,"level":20,"msg":"Processed: static/api/js/view/image_view.js","time":"2017-12-31T09:43:18.184Z","v":0}
{"name":"hexo","hostname":"JackChu","pid":266604,"level":20,"msg":"Processed: static/api/js/view/like_view.js","time":"2017-12-31T09:43:18.184Z","v":0}
{"name":"hexo","hostname":"JackChu","pid":266604,"level":20,"msg":"Processed: static/api/js/view/select_view.js","time":"2017-12-31T09:43:18.184Z","v":0}
{"name":"hexo","hostname":"JackChu","pid":266604,"level":20,"msg":"Processed: static/api/js/view/share_view.js","time":"2017-12-31T09:43:18.184Z","v":0}
{"name":"hexo","hostname":"JackChu","pid":266604,"level":20,"msg":"Processed: static/api/js/view/slide_view.js","time":"2017-12-31T09:43:18.184Z","v":0}
{"name":"hexo","hostname":"JackChu","pid":266604,"level":20,"msg":"Processed: static/api/js/view/view_base.js","time":"2017-12-31T09:43:18.185Z","v":0}
{"name":"hexo","hostname":"JackChu","pid":266604,"level":20,"msg":"Processed: source/lib/jquery/index.js","time":"2017-12-31T09:43:18.185Z","v":0}
{"name":"hexo","hostname":"JackChu","pid":266604,"level":20,"msg":"Processed: layout/_scripts/schemes/muse.swig","time":"2017-12-31T09:43:18.199Z","v":0}
{"name":"hexo","hostname":"JackChu","pid":266604,"level":20,"msg":"Processed: layout/_scripts/schemes/mist.swig","time":"2017-12-31T09:43:18.199Z","v":0}
{"name":"hexo","hostname":"JackChu","pid":266604,"level":20,"msg":"Processed: static/api/js/base/tangram.js","time":"2017-12-31T09:43:18.206Z","v":0}
{"name":"hexo","hostname":"JackChu","pid":266604,"level":20,"msg":"Processed: source/js/src/schemes/pisces.js","time":"2017-12-31T09:43:18.206Z","v":0}
{"name":"hexo","hostname":"JackChu","pid":266604,"level":20,"msg":"Processed: source/lib/fancybox/source/blank.gif","time":"2017-12-31T09:43:18.206Z","v":0}
{"name":"hexo","hostname":"JackChu","pid":266604,"level":20,"msg":"Processed: source/lib/fancybox/source/fancybox_loading.gif","time":"2017-12-31T09:43:18.206Z","v":0}
{"name":"hexo","hostname":"JackChu","pid":266604,"level":20,"msg":"Processed: source/lib/fancybox/source/fancybox_loading@2x.gif","time":"2017-12-31T09:43:18.207Z","v":0}
{"name":"hexo","hostname":"JackChu","pid":266604,"level":20,"msg":"Processed: source/lib/fancybox/source/fancybox_overlay.png","time":"2017-12-31T09:43:18.207Z","v":0}
{"name":"hexo","hostname":"JackChu","pid":266604,"level":20,"msg":"Processed: source/lib/fancybox/source/fancybox_sprite.png","time":"2017-12-31T09:43:18.207Z","v":0}
{"name":"hexo","hostname":"JackChu","pid":266604,"level":20,"msg":"Processed: source/lib/fancybox/source/fancybox_sprite@2x.png","time":"2017-12-31T09:43:18.208Z","v":0}
{"name":"hexo","hostname":"JackChu","pid":266604,"level":20,"msg":"Processed: source/lib/fancybox/source/jquery.fancybox.css","time":"2017-12-31T09:43:18.213Z","v":0}
{"name":"hexo","hostname":"JackChu","pid":266604,"level":20,"msg":"Processed: source/lib/fancybox/source/jquery.fancybox.pack.js","time":"2017-12-31T09:43:18.214Z","v":0}
{"name":"hexo","hostname":"JackChu","pid":266604,"level":20,"msg":"Processed: source/lib/fancybox/source/jquery.fancybox.js","time":"2017-12-31T09:43:18.214Z","v":0}
{"name":"hexo","hostname":"JackChu","pid":266604,"level":20,"msg":"Processed: source/lib/fastclick/lib/fastclick.js","time":"2017-12-31T09:43:18.214Z","v":0}
{"name":"hexo","hostname":"JackChu","pid":266604,"level":20,"msg":"Processed: source/lib/fastclick/lib/fastclick.min.js","time":"2017-12-31T09:43:18.214Z","v":0}
{"name":"hexo","hostname":"JackChu","pid":266604,"level":20,"msg":"Processed: source/lib/font-awesome/css/font-awesome.css","time":"2017-12-31T09:43:18.214Z","v":0}
{"name":"hexo","hostname":"JackChu","pid":266604,"level":20,"msg":"Processed: source/lib/font-awesome/css/font-awesome.min.css","time":"2017-12-31T09:43:18.215Z","v":0}
{"name":"hexo","hostname":"JackChu","pid":266604,"level":20,"msg":"Processed: source/lib/font-awesome/css/font-awesome.css.map","time":"2017-12-31T09:43:18.215Z","v":0}
{"name":"hexo","hostname":"JackChu","pid":266604,"level":20,"msg":"Processed: source/lib/ua-parser-js/dist/ua-parser.min.js","time":"2017-12-31T09:43:18.215Z","v":0}
{"name":"hexo","hostname":"JackChu","pid":266604,"level":20,"msg":"Processed: source/lib/ua-parser-js/dist/ua-parser.pack.js","time":"2017-12-31T09:43:18.215Z","v":0}
{"name":"hexo","hostname":"JackChu","pid":266604,"level":20,"msg":"Processed: layout/_components/algolia-search/dom.swig","time":"2017-12-31T09:43:18.237Z","v":0}
{"name":"hexo","hostname":"JackChu","pid":266604,"level":20,"msg":"Processed: layout/_components/algolia-search/assets.swig","time":"2017-12-31T09:43:18.237Z","v":0}
{"name":"hexo","hostname":"JackChu","pid":266604,"level":20,"msg":"Processed: layout/_partials/head/custom-head.swig","time":"2017-12-31T09:43:18.237Z","v":0}
{"name":"hexo","hostname":"JackChu","pid":266604,"level":20,"msg":"Processed: layout/_partials/head/external-fonts.swig","time":"2017-12-31T09:43:18.237Z","v":0}
{"name":"hexo","hostname":"JackChu","pid":266604,"level":20,"msg":"Processed: layout/_partials/search/localsearch.swig","time":"2017-12-31T09:43:18.237Z","v":0}
{"name":"hexo","hostname":"JackChu","pid":266604,"level":20,"msg":"Processed: layout/_partials/search/tinysou.swig","time":"2017-12-31T09:43:18.237Z","v":0}
{"name":"hexo","hostname":"JackChu","pid":266604,"level":20,"msg":"Processed: layout/_partials/search/swiftype.swig","time":"2017-12-31T09:43:18.237Z","v":0}
{"name":"hexo","hostname":"JackChu","pid":266604,"level":20,"msg":"Processed: layout/_partials/share/add-this.swig","time":"2017-12-31T09:43:18.237Z","v":0}
{"name":"hexo","hostname":"JackChu","pid":266604,"level":20,"msg":"Processed: layout/_partials/share/duoshuo_share.swig","time":"2017-12-31T09:43:18.237Z","v":0}
{"name":"hexo","hostname":"JackChu","pid":266604,"level":20,"msg":"Processed: layout/_partials/share/jiathis.swig","time":"2017-12-31T09:43:18.237Z","v":0}
{"name":"hexo","hostname":"JackChu","pid":266604,"level":20,"msg":"Processed: layout/_partials/share/baidushare.swig","time":"2017-12-31T09:43:18.237Z","v":0}
{"name":"hexo","hostname":"JackChu","pid":266604,"level":20,"msg":"Processed: layout/_scripts/pages/post-details.swig","time":"2017-12-31T09:43:18.237Z","v":0}
{"name":"hexo","hostname":"JackChu","pid":266604,"level":20,"msg":"Processed: layout/_scripts/schemes/pisces.swig","time":"2017-12-31T09:43:18.237Z","v":0}
{"name":"hexo","hostname":"JackChu","pid":266604,"level":20,"msg":"Processed: layout/_scripts/third-party/analytics.swig","time":"2017-12-31T09:43:18.237Z","v":0}
{"name":"hexo","hostname":"JackChu","pid":266604,"level":20,"msg":"Processed: layout/_scripts/third-party/comments.swig","time":"2017-12-31T09:43:18.237Z","v":0}
{"name":"hexo","hostname":"JackChu","pid":266604,"level":20,"msg":"Processed: layout/_scripts/third-party/lean-analytics.swig","time":"2017-12-31T09:43:18.238Z","v":0}
{"name":"hexo","hostname":"JackChu","pid":266604,"level":20,"msg":"Processed: layout/_scripts/third-party/schedule.swig","time":"2017-12-31T09:43:18.238Z","v":0}
{"name":"hexo","hostname":"JackChu","pid":266604,"level":20,"msg":"Processed: layout/_scripts/third-party/tinysou.swig","time":"2017-12-31T09:43:18.238Z","v":0}
{"name":"hexo","hostname":"JackChu","pid":266604,"level":20,"msg":"Processed: source/lib/font-awesome/fonts/FontAwesome.otf","time":"2017-12-31T09:43:18.238Z","v":0}
{"name":"hexo","hostname":"JackChu","pid":266604,"level":20,"msg":"Processed: source/lib/font-awesome/fonts/fontawesome-webfont.eot","time":"2017-12-31T09:43:18.239Z","v":0}
{"name":"hexo","hostname":"JackChu","pid":266604,"level":20,"msg":"Processed: source/lib/font-awesome/fonts/fontawesome-webfont.woff","time":"2017-12-31T09:43:18.239Z","v":0}
{"name":"hexo","hostname":"JackChu","pid":266604,"level":20,"msg":"Processed: source/lib/font-awesome/fonts/fontawesome-webfont.woff2","time":"2017-12-31T09:43:18.239Z","v":0}
{"name":"hexo","hostname":"JackChu","pid":266604,"level":20,"msg":"Processed: source/lib/velocity/velocity.js","time":"2017-12-31T09:43:18.239Z","v":0}
{"name":"hexo","hostname":"JackChu","pid":266604,"level":20,"msg":"Processed: layout/_scripts/third-party/localsearch.swig","time":"2017-12-31T09:43:18.244Z","v":0}
{"name":"hexo","hostname":"JackChu","pid":266604,"level":20,"msg":"Processed: layout/_scripts/third-party/mathjax.swig","time":"2017-12-31T09:43:18.244Z","v":0}
{"name":"hexo","hostname":"JackChu","pid":266604,"level":20,"msg":"Processed: source/lib/fancybox/source/helpers/fancybox_buttons.png","time":"2017-12-31T09:43:18.247Z","v":0}
{"name":"hexo","hostname":"JackChu","pid":266604,"level":20,"msg":"Processed: source/lib/fancybox/source/helpers/jquery.fancybox-buttons.css","time":"2017-12-31T09:43:18.247Z","v":0}
{"name":"hexo","hostname":"JackChu","pid":266604,"level":20,"msg":"Processed: source/lib/fancybox/source/helpers/jquery.fancybox-buttons.js","time":"2017-12-31T09:43:18.247Z","v":0}
{"name":"hexo","hostname":"JackChu","pid":266604,"level":20,"msg":"Processed: source/lib/fancybox/source/helpers/jquery.fancybox-thumbs.css","time":"2017-12-31T09:43:18.248Z","v":0}
{"name":"hexo","hostname":"JackChu","pid":266604,"level":20,"msg":"Processed: source/lib/fancybox/source/helpers/jquery.fancybox-media.js","time":"2017-12-31T09:43:18.248Z","v":0}
{"name":"hexo","hostname":"JackChu","pid":266604,"level":20,"msg":"Processed: source/lib/fancybox/source/helpers/jquery.fancybox-thumbs.js","time":"2017-12-31T09:43:18.248Z","v":0}
{"name":"hexo","hostname":"JackChu","pid":266604,"level":20,"msg":"Processed: source/lib/font-awesome/fonts/fontawesome-webfont.ttf","time":"2017-12-31T09:43:18.248Z","v":0}
{"name":"hexo","hostname":"JackChu","pid":266604,"level":20,"msg":"Processed: layout/_scripts/third-party/analytics/baidu-analytics.swig","time":"2017-12-31T09:43:18.262Z","v":0}
{"name":"hexo","hostname":"JackChu","pid":266604,"level":20,"msg":"Processed: layout/_scripts/third-party/analytics/application-insights.swig","time":"2017-12-31T09:43:18.262Z","v":0}
{"name":"hexo","hostname":"JackChu","pid":266604,"level":20,"msg":"Processed: layout/_scripts/third-party/analytics/cnzz-analytics.swig","time":"2017-12-31T09:43:18.262Z","v":0}
{"name":"hexo","hostname":"JackChu","pid":266604,"level":20,"msg":"Processed: layout/_scripts/third-party/analytics/busuanzi-counter.swig","time":"2017-12-31T09:43:18.262Z","v":0}
{"name":"hexo","hostname":"JackChu","pid":266604,"level":20,"msg":"Processed: layout/_scripts/third-party/analytics/facebook-sdk.swig","time":"2017-12-31T09:43:18.262Z","v":0}
{"name":"hexo","hostname":"JackChu","pid":266604,"level":20,"msg":"Processed: layout/_scripts/third-party/analytics/google-analytics.swig","time":"2017-12-31T09:43:18.262Z","v":0}
{"name":"hexo","hostname":"JackChu","pid":266604,"level":20,"msg":"Processed: layout/_scripts/third-party/analytics/tencent-analytics.swig","time":"2017-12-31T09:43:18.262Z","v":0}
{"name":"hexo","hostname":"JackChu","pid":266604,"level":20,"msg":"Processed: layout/_scripts/third-party/comments/disqus.swig","time":"2017-12-31T09:43:18.262Z","v":0}
{"name":"hexo","hostname":"JackChu","pid":266604,"level":20,"msg":"Processed: layout/_scripts/third-party/comments/hypercomments.swig","time":"2017-12-31T09:43:18.263Z","v":0}
{"name":"hexo","hostname":"JackChu","pid":266604,"level":20,"msg":"Processed: layout/_scripts/third-party/comments/duoshuo.swig","time":"2017-12-31T09:43:18.263Z","v":0}
{"name":"hexo","hostname":"JackChu","pid":266604,"level":20,"msg":"Processed: source/lib/algolia-instant-search/instantsearch.min.js","time":"2017-12-31T09:43:18.263Z","v":0}
{"name":"hexo","hostname":"JackChu","pid":266604,"level":20,"msg":"Processed: source/lib/font-awesome/fonts/fontawesome-webfont.svg","time":"2017-12-31T09:43:18.264Z","v":0}
{"name":"hexo","hostname":"JackChu","pid":266604,"level":20,"msg":"Generator: page","time":"2017-12-31T09:43:18.348Z","v":0}
{"name":"hexo","hostname":"JackChu","pid":266604,"level":20,"msg":"Generator: post","time":"2017-12-31T09:43:18.348Z","v":0}
{"name":"hexo","hostname":"JackChu","pid":266604,"level":20,"msg":"Generator: archive","time":"2017-12-31T09:43:18.349Z","v":0}
{"name":"hexo","hostname":"JackChu","pid":266604,"level":20,"msg":"Generator: baidusitemap","time":"2017-12-31T09:43:18.349Z","v":0}
{"name":"hexo","hostname":"JackChu","pid":266604,"level":20,"msg":"Generator: category","time":"2017-12-31T09:43:18.349Z","v":0}
{"name":"hexo","hostname":"JackChu","pid":266604,"level":20,"msg":"Generator: index","time":"2017-12-31T09:43:18.349Z","v":0}
{"name":"hexo","hostname":"JackChu","pid":266604,"level":20,"msg":"Generator: tag","time":"2017-12-31T09:43:18.349Z","v":0}
{"name":"hexo","hostname":"JackChu","pid":266604,"level":20,"msg":"Generator: asset","time":"2017-12-31T09:43:18.351Z","v":0}
{"name":"hexo","hostname":"JackChu","pid":266604,"level":30,"msg":"Files loaded in 1.83 s","time":"2017-12-31T09:43:18.403Z","v":0}
{"name":"hexo","hostname":"JackChu","pid":266604,"level":20,"msg":"Rendering page: about/index.html","time":"2017-12-31T09:43:18.427Z","v":0}
{"name":"hexo","hostname":"JackChu","pid":266604,"level":20,"msg":"Rendering page: categories/index.html","time":"2017-12-31T09:43:18.910Z","v":0}
{"name":"hexo","hostname":"JackChu","pid":266604,"level":20,"msg":"Rendering page: tags/index.html","time":"2017-12-31T09:43:19.154Z","v":0}
{"name":"hexo","hostname":"JackChu","pid":266604,"level":20,"msg":"Rendering post: 2017/12/31/常识四堆外内存/index.html","time":"2017-12-31T09:43:19.391Z","v":0}
{"name":"hexo","hostname":"JackChu","pid":266604,"level":20,"msg":"Rendering post: 2017/12/17/kung-fu-is-outside-the-poem/index.html","time":"2017-12-31T09:43:19.820Z","v":0}
{"name":"hexo","hostname":"JackChu","pid":266604,"level":20,"msg":"Rendering post: 2017/12/17/git-multi-acount-management-sh-key/index.html","time":"2017-12-31T09:43:20.078Z","v":0}
{"name":"hexo","hostname":"JackChu","pid":266604,"level":20,"msg":"Rendering post: 2017/11/15/monitoring-of-micro-service/index.html","time":"2017-12-31T09:43:20.330Z","v":0}
{"name":"hexo","hostname":"JackChu","pid":266604,"level":20,"msg":"Rendering post: 2017/10/10/spring-transaction/index.html","time":"2017-12-31T09:43:20.579Z","v":0}
{"name":"hexo","hostname":"JackChu","pid":266604,"level":20,"msg":"Rendering post: 2017/09/16/comon-sense-thre-continuous-integration,-continuous-delivery,-continuous-deployment/index.html","time":"2017-12-31T09:43:20.966Z","v":0}
{"name":"hexo","hostname":"JackChu","pid":266604,"level":20,"msg":"Rendering post: 2017/08/30/comon-sense-two-oauth2.0-introduction-and-security-precautions/index.html","time":"2017-12-31T09:43:21.220Z","v":0}
{"name":"hexo","hostname":"JackChu","pid":266604,"level":20,"msg":"Rendering post: 2017/07/22/comon-sense-one-user-pasword-storage-strategy/index.html","time":"2017-12-31T09:43:21.511Z","v":0}
{"name":"hexo","hostname":"JackChu","pid":266604,"level":20,"msg":"Rendering post: 2017/07/10/beanpostprocesor-learning/index.html","time":"2017-12-31T09:43:21.796Z","v":0}
{"name":"hexo","hostname":"JackChu","pid":266604,"level":20,"msg":"Rendering post: 2017/06/29/the-five-shanghai-games-a-starting-point/index.html","time":"2017-12-31T09:43:22.079Z","v":0}
{"name":"hexo","hostname":"JackChu","pid":266604,"level":20,"msg":"Rendering post: 2017/06/28/hexo-statistics-and-translation-headlines/index.html","time":"2017-12-31T09:43:22.315Z","v":0}
{"name":"hexo","hostname":"JackChu","pid":266604,"level":20,"msg":"Rendering post: 2017/06/27/a-game-into-shanghai-four/index.html","time":"2017-12-31T09:43:22.567Z","v":0}
{"name":"hexo","hostname":"JackChu","pid":266604,"level":20,"msg":"Rendering post: 2017/06/16/a-thre-game-road-of-entrepreneurship/index.html","time":"2017-12-31T09:43:22.828Z","v":0}
{"name":"hexo","hostname":"JackChu","pid":266604,"level":20,"msg":"Rendering post: 2017/06/10/a-second-try-the-game/index.html","time":"2017-12-31T09:43:23.154Z","v":0}
{"name":"hexo","hostname":"JackChu","pid":266604,"level":20,"msg":"Rendering post: 2017/05/24/spring-bean-initialization-proces/index.html","time":"2017-12-31T09:43:23.399Z","v":0}
{"name":"hexo","hostname":"JackChu","pid":266604,"level":20,"msg":"Rendering post: 2017/05/19/a-coincidence-for-the-game/index.html","time":"2017-12-31T09:43:23.744Z","v":0}
{"name":"hexo","hostname":"JackChu","pid":266604,"level":20,"msg":"Rendering post: 2017/05/18/a-sequential-game/index.html","time":"2017-12-31T09:43:24.016Z","v":0}
{"name":"hexo","hostname":"JackChu","pid":266604,"level":20,"msg":"Rendering post: 2017/04/29/hashmap-source-code-analysis/index.html","time":"2017-12-31T09:43:24.245Z","v":0}
{"name":"hexo","hostname":"JackChu","pid":266604,"level":20,"msg":"Rendering post: 2017/04/05/the-way-of-jit-optimization/index.html","time":"2017-12-31T09:43:24.538Z","v":0}
{"name":"hexo","hostname":"JackChu","pid":266604,"level":20,"msg":"Rendering post: 2017/03/28/threadlocal-parsing/index.html","time":"2017-12-31T09:43:24.898Z","v":0}
{"name":"hexo","hostname":"JackChu","pid":266604,"level":20,"msg":"Rendering post: 2017/02/27/gc-and-jvm-parameters/index.html","time":"2017-12-31T09:43:25.265Z","v":0}
{"name":"hexo","hostname":"JackChu","pid":266604,"level":20,"msg":"Rendering post: 2017/02/07/motan-server/index.html","time":"2017-12-31T09:43:25.818Z","v":0}
{"name":"hexo","hostname":"JackChu","pid":266604,"level":20,"msg":"Rendering post: 2017/01/23/motan-client/index.html","time":"2017-12-31T09:43:26.352Z","v":0}
{"name":"hexo","hostname":"JackChu","pid":266604,"level":20,"msg":"Rendering post: 2017/01/21/a-preliminary-study-of-spring-bot/index.html","time":"2017-12-31T09:43:26.753Z","v":0}
{"name":"hexo","hostname":"JackChu","pid":266604,"level":20,"msg":"Rendering post: 2017/01/09/motan-extension-mechanism/index.html","time":"2017-12-31T09:43:27.018Z","v":0}
{"name":"hexo","hostname":"JackChu","pid":266604,"level":20,"msg":"Rendering post: 2017/01/05/motan-study-node-first/index.html","time":"2017-12-31T09:43:27.338Z","v":0}
{"name":"hexo","hostname":"JackChu","pid":266604,"level":20,"msg":"Rendering post: 2016/12/31/2016.12-time-cost/index.html","time":"2017-12-31T09:43:27.590Z","v":0}
{"name":"hexo","hostname":"JackChu","pid":266604,"level":20,"msg":"Rendering post: 2016/12/18/the-clean-coder-reading-notes/index.html","time":"2017-12-31T09:43:27.833Z","v":0}
{"name":"hexo","hostname":"JackChu","pid":266604,"level":20,"msg":"Rendering post: 2016/12/13/detected-both-log4j-over-slf4j.jar-and-slf4j-log4j12.jar-on-the-clas-path/index.html","time":"2017-12-31T09:43:28.075Z","v":0}
{"name":"hexo","hostname":"JackChu","pid":266604,"level":20,"msg":"Rendering post: 2016/12/12/using-hexo-github-to-write-blog/index.html","time":"2017-12-31T09:43:28.377Z","v":0}
{"name":"hexo","hostname":"JackChu","pid":266604,"level":20,"msg":"Rendering archive: archives/index.html","time":"2017-12-31T09:43:28.652Z","v":0}
{"name":"hexo","hostname":"JackChu","pid":266604,"level":20,"msg":"Rendering archive: archives/page/2/index.html","time":"2017-12-31T09:43:28.927Z","v":0}
{"name":"hexo","hostname":"JackChu","pid":266604,"level":20,"msg":"Rendering archive: archives/2016/index.html","time":"2017-12-31T09:43:29.204Z","v":0}
{"name":"hexo","hostname":"JackChu","pid":266604,"level":20,"msg":"Rendering archive: archives/page/3/index.html","time":"2017-12-31T09:43:29.491Z","v":0}
{"name":"hexo","hostname":"JackChu","pid":266604,"level":20,"msg":"Rendering archive: archives/2016/12/index.html","time":"2017-12-31T09:43:29.790Z","v":0}
{"name":"hexo","hostname":"JackChu","pid":266604,"level":20,"msg":"Rendering archive: archives/2017/index.html","time":"2017-12-31T09:43:30.094Z","v":0}
{"name":"hexo","hostname":"JackChu","pid":266604,"level":20,"msg":"Rendering archive: archives/2017/page/2/index.html","time":"2017-12-31T09:43:30.439Z","v":0}
{"name":"hexo","hostname":"JackChu","pid":266604,"level":20,"msg":"Rendering archive: archives/2017/01/index.html","time":"2017-12-31T09:43:30.784Z","v":0}
{"name":"hexo","hostname":"JackChu","pid":266604,"level":20,"msg":"Rendering archive: archives/2017/page/3/index.html","time":"2017-12-31T09:43:31.114Z","v":0}
{"name":"hexo","hostname":"JackChu","pid":266604,"level":20,"msg":"Rendering archive: archives/2017/02/index.html","time":"2017-12-31T09:43:31.436Z","v":0}
{"name":"hexo","hostname":"JackChu","pid":266604,"level":20,"msg":"Rendering archive: archives/2017/03/index.html","time":"2017-12-31T09:43:31.740Z","v":0}
{"name":"hexo","hostname":"JackChu","pid":266604,"level":20,"msg":"Rendering archive: archives/2017/04/index.html","time":"2017-12-31T09:43:32.158Z","v":0}
{"name":"hexo","hostname":"JackChu","pid":266604,"level":20,"msg":"Rendering archive: archives/2017/06/index.html","time":"2017-12-31T09:43:32.697Z","v":0}
{"name":"hexo","hostname":"JackChu","pid":266604,"level":20,"msg":"Rendering archive: archives/2017/05/index.html","time":"2017-12-31T09:43:33.119Z","v":0}
{"name":"hexo","hostname":"JackChu","pid":266604,"level":20,"msg":"Rendering archive: archives/2017/07/index.html","time":"2017-12-31T09:43:33.463Z","v":0}
{"name":"hexo","hostname":"JackChu","pid":266604,"level":20,"msg":"Rendering archive: archives/2017/08/index.html","time":"2017-12-31T09:43:33.823Z","v":0}
{"name":"hexo","hostname":"JackChu","pid":266604,"level":20,"msg":"Rendering archive: archives/2017/09/index.html","time":"2017-12-31T09:43:34.209Z","v":0}
{"name":"hexo","hostname":"JackChu","pid":266604,"level":20,"msg":"Rendering archive: archives/2017/10/index.html","time":"2017-12-31T09:43:34.535Z","v":0}
{"name":"hexo","hostname":"JackChu","pid":266604,"level":20,"msg":"Rendering archive: archives/2017/11/index.html","time":"2017-12-31T09:43:34.935Z","v":0}
{"name":"hexo","hostname":"JackChu","pid":266604,"level":20,"msg":"Rendering archive: archives/2017/12/index.html","time":"2017-12-31T09:43:35.279Z","v":0}
{"name":"hexo","hostname":"JackChu","pid":266604,"level":20,"msg":"Rendering category: categories/time-cost/index.html","time":"2017-12-31T09:43:35.550Z","v":0}
{"name":"hexo","hostname":"JackChu","pid":266604,"level":20,"msg":"Rendering category: categories/源码解读/index.html","time":"2017-12-31T09:43:35.890Z","v":0}
{"name":"hexo","hostname":"JackChu","pid":266604,"level":20,"msg":"Rendering category: categories/java/index.html","time":"2017-12-31T09:43:36.187Z","v":0}
{"name":"hexo","hostname":"JackChu","pid":266604,"level":20,"msg":"Rendering category: categories/书/index.html","time":"2017-12-31T09:43:36.490Z","v":0}
{"name":"hexo","hostname":"JackChu","pid":266604,"level":20,"msg":"Rendering category: categories/tools/index.html","time":"2017-12-31T09:43:36.767Z","v":0}
{"name":"hexo","hostname":"JackChu","pid":266604,"level":20,"msg":"Rendering category: categories/hexo/index.html","time":"2017-12-31T09:43:37.071Z","v":0}
{"name":"hexo","hostname":"JackChu","pid":266604,"level":20,"msg":"Rendering category: categories/互联网研发/index.html","time":"2017-12-31T09:43:37.379Z","v":0}
{"name":"hexo","hostname":"JackChu","pid":266604,"level":20,"msg":"Rendering category: categories/微服务/index.html","time":"2017-12-31T09:43:37.797Z","v":0}
{"name":"hexo","hostname":"JackChu","pid":266604,"level":20,"msg":"Rendering category: categories/游戏小传/index.html","time":"2017-12-31T09:43:38.228Z","v":0}
{"name":"hexo","hostname":"JackChu","pid":266604,"level":20,"msg":"Rendering index: index.html","time":"2017-12-31T09:43:38.538Z","v":0}
{"name":"hexo","hostname":"JackChu","pid":266604,"level":20,"msg":"Rendering index: page/2/index.html","time":"2017-12-31T09:43:39.088Z","v":0}
{"name":"hexo","hostname":"JackChu","pid":266604,"level":20,"msg":"Rendering index: page/3/index.html","time":"2017-12-31T09:43:39.552Z","v":0}
{"name":"hexo","hostname":"JackChu","pid":266604,"level":20,"msg":"Rendering tag: tags/spring/index.html","time":"2017-12-31T09:43:39.986Z","v":0}
{"name":"hexo","hostname":"JackChu","pid":266604,"level":20,"msg":"Rendering tag: tags/log4j/index.html","time":"2017-12-31T09:43:40.297Z","v":0}
{"name":"hexo","hostname":"JackChu","pid":266604,"level":20,"msg":"Rendering tag: tags/slf4j/index.html","time":"2017-12-31T09:43:40.592Z","v":0}
{"name":"hexo","hostname":"JackChu","pid":266604,"level":20,"msg":"Rendering tag: tags/JVM/index.html","time":"2017-12-31T09:43:40.884Z","v":0}
{"name":"hexo","hostname":"JackChu","pid":266604,"level":20,"msg":"Rendering tag: tags/GC/index.html","time":"2017-12-31T09:43:41.187Z","v":0}
{"name":"hexo","hostname":"JackChu","pid":266604,"level":20,"msg":"Rendering tag: tags/JIT/index.html","time":"2017-12-31T09:43:41.421Z","v":0}
{"name":"hexo","hostname":"JackChu","pid":266604,"level":20,"msg":"Rendering tag: tags/简历/index.html","time":"2017-12-31T09:43:41.689Z","v":0}
{"name":"hexo","hostname":"JackChu","pid":266604,"level":20,"msg":"Rendering tag: tags/面试/index.html","time":"2017-12-31T09:43:41.940Z","v":0}
{"name":"hexo","hostname":"JackChu","pid":266604,"level":20,"msg":"Rendering tag: tags/git/index.html","time":"2017-12-31T09:43:42.185Z","v":0}
{"name":"hexo","hostname":"JackChu","pid":266604,"level":20,"msg":"Rendering tag: tags/ssh-key/index.html","time":"2017-12-31T09:43:42.407Z","v":0}
{"name":"hexo","hostname":"JackChu","pid":266604,"level":20,"msg":"Rendering tag: tags/motan/index.html","time":"2017-12-31T09:43:42.645Z","v":0}
{"name":"hexo","hostname":"JackChu","pid":266604,"level":20,"msg":"Rendering tag: tags/rpc/index.html","time":"2017-12-31T09:43:42.959Z","v":0}
{"name":"hexo","hostname":"JackChu","pid":266604,"level":20,"msg":"Rendering tag: tags/spring-boot/index.html","time":"2017-12-31T09:43:43.216Z","v":0}
{"name":"hexo","hostname":"JackChu","pid":266604,"level":20,"msg":"Rendering tag: tags/持续集成/index.html","time":"2017-12-31T09:43:43.465Z","v":0}
{"name":"hexo","hostname":"JackChu","pid":266604,"level":20,"msg":"Rendering tag: tags/JMM/index.html","time":"2017-12-31T09:43:43.717Z","v":0}
{"name":"hexo","hostname":"JackChu","pid":266604,"level":20,"msg":"Rendering tag: tags/off-heap/index.html","time":"2017-12-31T09:43:43.956Z","v":0}
{"name":"hexo","hostname":"JackChu","pid":266604,"level":20,"msg":"Rendering tag: tags/微服务/index.html","time":"2017-12-31T09:43:44.243Z","v":0}
{"name":"hexo","hostname":"JackChu","pid":266604,"level":30,"msg":"0 files generated in 26 s","time":"2017-12-31T09:43:44.829Z","v":0}
{"name":"hexo","hostname":"JackChu","pid":266604,"level":20,"msg":"Database saved","time":"2017-12-31T09:43:44.951Z","v":0}
